<?xml version="1.0" encoding="UTF-8"?>
<testsuite xmlns:xsi="http://www.w3.org/2001/XMLSchema-instance" xsi:schemaLocation="https://maven.apache.org/surefire/maven-surefire-plugin/xsd/surefire-test-report.xsd" name="TestSuite" time="10.089" tests="4" errors="0" skipped="0" failures="4">
  <properties>
[...]
</properties>
  <testcase name="createEmployee" classname="com.equifax1.testcases.TestDELETE" time="1.855">
    <failure message="Failed to parse the JSON document" type="io.restassured.path.json.exception.JsonPathException"><![CDATA[io.restassured.path.json.exception.JsonPathException: Failed to parse the JSON document
	at com.equifax1.testcases.TestDELETE.createEmployee(TestDELETE.java:44)
Caused by: groovy.json.JsonException: Lexing failed on line: 1, column: 1, while reading '<', no possible valid JSON value or punctuation could be recognized.
	at com.equifax1.testcases.TestDELETE.createEmployee(TestDELETE.java:44)
]]></failure>
    <system-err><![CDATA[log4j:WARN No appenders could be found for logger (org.apache.http.impl.conn.BasicClientConnectionManager).
log4j:WARN Please initialize the log4j system properly.
]]></system-err>
  </testcase>
  <testcase name="getWeatherDetails" classname="com.equifax1.testcases.TestGET" time="0.634">
    <failure message="expected:&lt;429&gt; but was:&lt;200&gt;" type="java.lang.AssertionError"><![CDATA[java.lang.AssertionError: expected:<429> but was:<200>
	at com.equifax1.testcases.TestGET.getWeatherDetails(TestGET.java:29)
]]></failure>
    <system-out><![CDATA[Response Body is : <!DOCTYPE html>
<html lang="en">
    <head>
        <meta charset="utf-8">
        <meta name="viewport" content="width=device-width, initial-scale=1">

        <title>Too Many Requests</title>

        <!-- Fonts -->
        <link rel="dns-prefetch" href="//fonts.gstatic.com">
        <link href="https://fonts.googleapis.com/css?family=Nunito" rel="stylesheet">

        <!-- Styles -->
        <style>
            html, body {
                background-color: #fff;
                color: #636b6f;
                font-family: 'Nunito', sans-serif;
                font-weight: 100;
                height: 100vh;
                margin: 0;
            }

            .full-height {
                height: 100vh;
            }

            .flex-center {
                align-items: center;
                display: flex;
                justify-content: center;
            }

            .position-ref {
                position: relative;
            }

            .code {
                border-right: 2px solid;
                font-size: 26px;
                padding: 0 15px 0 15px;
                text-align: center;
            }

            .message {
                font-size: 18px;
                text-align: center;
            }
        </style>
    </head>
    <body>
        <div class="flex-center position-ref full-height">
            <div class="code">
                429            </div>

            <div class="message" style="padding: 10px;">
                Too Many Requests            </div>
        </div>
    </body>
</html>

Status code is : 429
]]></system-out>
  </testcase>
  <testcase name="addPostNewEmpoyee" classname="com.equifax1.testcases.TestCreate" time="0.914">
    <failure message="expected:&lt;false&gt; but was:&lt;true&gt;" type="java.lang.AssertionError"><![CDATA[java.lang.AssertionError: expected:<false> but was:<true>
	at com.equifax1.testcases.TestCreate.addPostNewEmpoyee(TestCreate.java:64)
]]></failure>
    <system-out><![CDATA[Response Body is: {"status":"success","data":{"id":2834},"message":"Successfully! Record has been added."}
]]></system-out>
  </testcase>
  <testcase name="addPostNewEmpoyee" classname="com.equifax1.testcases.TestCreate" time="0.81">
    <failure message="expected:&lt;false&gt; but was:&lt;true&gt;" type="java.lang.AssertionError"><![CDATA[java.lang.AssertionError: expected:<false> but was:<true>
	at com.equifax1.testcases.TestCreate.addPostNewEmpoyee(TestCreate.java:64)
]]></failure>
    <system-out><![CDATA[Response Body is: {"status":"success","data":{"id":7459},"message":"Successfully! Record has been added."}
]]></system-out>
  </testcase>
</testsuite>