<?xml version="1.0" encoding="UTF-8"?>
<testng-results ignored="0" total="1" passed="1" failed="0" skipped="0">
  <reporter-output>
  </reporter-output>
  <suite started-at="2021-06-14T02:43:13 EDT" name="Default suite" finished-at="2021-06-14T02:43:22 EDT" duration-ms="8887">
    <groups>
    </groups>
    <test started-at="2021-06-14T02:43:13 EDT" name="Default test" finished-at="2021-06-14T02:43:22 EDT" duration-ms="8887">
      <class name="com.equifax1.testcases.TestDELETE">
        <test-method signature="createEmployee()[pri:0, instance:com.equifax1.testcases.TestDELETE@302f7971]" started-at="2021-06-14T02:43:13 EDT" name="createEmployee" finished-at="2021-06-14T02:43:22 EDT" duration-ms="8851" status="PASS">
          <reporter-output>
          </reporter-output>
        </test-method> <!-- createEmployee -->
      </class> <!-- com.equifax1.testcases.TestDELETE -->
    </test> <!-- Default test -->
  </suite> <!-- Default suite -->
</testng-results>
